<?xml version="1.0" encoding="UTF-8"?>
<testng-results skipped="0" failed="1" ignored="0" total="1" passed="0">
  <reporter-output>
  </reporter-output>
  <suite name="seleniumTest" duration-ms="12686" started-at="2022-03-31T05:31:41 EET" finished-at="2022-03-31T05:31:53 EET">
    <groups>
      <group name="cucumber">
        <method signature="AbstractTestNGCucumberTests.runScenario(io.cucumber.testng.PickleWrapper, io.cucumber.testng.FeatureWrapper)[pri:0, instance:tests.LoginTestWithDataDriven@67b467e9]" name="runScenario" class="io.cucumber.testng.AbstractTestNGCucumberTests"/>
      </group> <!-- cucumber -->
    </groups>
    <test name="chromeTest" duration-ms="12686" started-at="2022-03-31T05:31:41 EET" finished-at="2022-03-31T05:31:53 EET">
      <class name="tests.LoginTestWithDataDriven">
        <test-method status="PASS" signature="setBrowserType(java.lang.String)[pri:0, instance:tests.LoginTestWithDataDriven@67b467e9]" name="setBrowserType" is-config="true" duration-ms="3056" started-at="2022-03-31T05:31:41 EET" finished-at="2022-03-31T05:31:44 EET">
          <params>
            <param index="0">
              <value>
                <![CDATA[Chrome]]>
              </value>
            </param>
          </params>
          <reporter-output>
          </reporter-output>
        </test-method> <!-- setBrowserType -->
        <test-method status="PASS" signature="setUpClass()[pri:0, instance:tests.LoginTestWithDataDriven@67b467e9]" name="setUpClass" is-config="true" duration-ms="168" started-at="2022-03-31T05:31:44 EET" finished-at="2022-03-31T05:31:44 EET">
          <reporter-output>
          </reporter-output>
        </test-method> <!-- setUpClass -->
        <test-method status="PASS" signature="loadLoginData()[pri:0, instance:tests.LoginTestWithDataDriven@67b467e9]" name="loadLoginData" is-config="true" duration-ms="451" started-at="2022-03-31T05:31:44 EET" finished-at="2022-03-31T05:31:44 EET">
          <reporter-output>
          </reporter-output>
        </test-method> <!-- loadLoginData -->
        <test-method status="FAIL" signature="login()[pri:0, instance:tests.LoginTestWithDataDriven@67b467e9]" name="login" duration-ms="7888" started-at="2022-03-31T05:31:44 EET" finished-at="2022-03-31T05:31:52 EET">
          <exception class="java.lang.AssertionError">
            <message>
              <![CDATA[expected:<AUTHENTICATION> but was:<MY ACCOUNT>]]>
            </message>
            <full-stacktrace>
              <![CDATA[java.lang.AssertionError: expected:<AUTHENTICATION> but was:<MY ACCOUNT>
at org.testng.AssertJUnit.assertEquals(AssertJUnit.java:82)
at org.testng.AssertJUnit.assertEquals(AssertJUnit.java:87)
at utilities.Assertions.assertElementText(Assertions.java:80)
at pages.MyAccountPage.assertMyAccountTitle(MyAccountPage.java:19)
at tests.LoginTestWithDataDriven.login(LoginTestWithDataDriven.java:44)
at sun.reflect.NativeMethodAccessorImpl.invoke0(Native Method)
at sun.reflect.NativeMethodAccessorImpl.invoke(NativeMethodAccessorImpl.java:62)
at sun.reflect.DelegatingMethodAccessorImpl.invoke(DelegatingMethodAccessorImpl.java:43)
at java.lang.reflect.Method.invoke(Method.java:498)
at org.testng.internal.MethodInvocationHelper.invokeMethod(MethodInvocationHelper.java:134)
at org.testng.internal.TestInvoker.invokeMethod(TestInvoker.java:597)
at org.testng.internal.TestInvoker.invokeTestMethod(TestInvoker.java:173)
at org.testng.internal.MethodRunner.runInSequence(MethodRunner.java:46)
at org.testng.internal.TestInvoker$MethodInvocationAgent.invoke(TestInvoker.java:816)
at org.testng.internal.TestInvoker.invokeTestMethods(TestInvoker.java:146)
at org.testng.internal.TestMethodWorker.invokeTestMethods(TestMethodWorker.java:146)
at org.testng.internal.TestMethodWorker.run(TestMethodWorker.java:128)
at java.util.ArrayList.forEach(ArrayList.java:1257)
at org.testng.TestRunner.privateRun(TestRunner.java:766)
at org.testng.TestRunner.run(TestRunner.java:587)
at org.testng.SuiteRunner.runTest(SuiteRunner.java:384)
at org.testng.SuiteRunner.runSequentially(SuiteRunner.java:378)
at org.testng.SuiteRunner.privateRun(SuiteRunner.java:337)
at org.testng.SuiteRunner.run(SuiteRunner.java:286)
at org.testng.SuiteRunnerWorker.runSuite(SuiteRunnerWorker.java:53)
at org.testng.SuiteRunnerWorker.run(SuiteRunnerWorker.java:96)
at org.testng.TestNG.runSuitesSequentially(TestNG.java:1187)
at org.testng.TestNG.runSuitesLocally(TestNG.java:1109)
at org.testng.TestNG.runSuites(TestNG.java:1039)
at org.testng.TestNG.run(TestNG.java:1007)
at org.apache.maven.surefire.testng.TestNGExecutor.run(TestNGExecutor.java:283)
at org.apache.maven.surefire.testng.TestNGXmlTestSuite.execute(TestNGXmlTestSuite.java:75)
at org.apache.maven.surefire.testng.TestNGProvider.invoke(TestNGProvider.java:120)
at org.apache.maven.surefire.booter.ForkedBooter.invokeProviderInSameClassLoader(ForkedBooter.java:384)
at org.apache.maven.surefire.booter.ForkedBooter.runSuitesInProcess(ForkedBooter.java:345)
at org.apache.maven.surefire.booter.ForkedBooter.execute(ForkedBooter.java:126)
at org.apache.maven.surefire.booter.ForkedBooter.main(ForkedBooter.java:418)
]]>
            </full-stacktrace>
          </exception> <!-- java.lang.AssertionError -->
          <reporter-output>
          </reporter-output>
        </test-method> <!-- login -->
        <test-method status="PASS" signature="takeScreenShot()[pri:0, instance:tests.LoginTestWithDataDriven@67b467e9]" name="takeScreenShot" is-config="true" duration-ms="152" started-at="2022-03-31T05:31:52 EET" finished-at="2022-03-31T05:31:52 EET">
          <reporter-output>
          </reporter-output>
        </test-method> <!-- takeScreenShot -->
        <test-method status="PASS" signature="tearDownClass()[pri:0, instance:tests.LoginTestWithDataDriven@67b467e9]" name="tearDownClass" is-config="true" duration-ms="7" started-at="2022-03-31T05:31:52 EET" finished-at="2022-03-31T05:31:52 EET">
          <reporter-output>
          </reporter-output>
        </test-method> <!-- tearDownClass -->
        <test-method status="PASS" signature="quitDriver()[pri:0, instance:tests.LoginTestWithDataDriven@67b467e9]" name="quitDriver" is-config="true" duration-ms="759" started-at="2022-03-31T05:31:52 EET" finished-at="2022-03-31T05:31:53 EET">
          <reporter-output>
          </reporter-output>
        </test-method> <!-- quitDriver -->
      </class> <!-- tests.LoginTestWithDataDriven -->
    </test> <!-- chromeTest -->
  </suite> <!-- seleniumTest -->
</testng-results>
